<?xml version="1.0" encoding="UTF-8"?>
<!-- Generated by org.testng.reporters.JUnitXMLReporter -->
<testsuite hostname="Home-PC" ignored="0" name="Twoplug regression test" tests="3" failures="0" timestamp="16 Jul 2020 16:15:06 GMT" time="41.305" errors="0">
  <testcase name="Testaboutlink" time="0.893" classname="com.qaplug.testcases.TestLandingPage"/>
  <testcase name="checkLogo" time="0.186" classname="com.qaplug.testcases.TestLandingPage"/>
  <testcase name="TestloginButton" time="3.295" classname="com.qaplug.testcases.TestLandingPage"/>
</testsuite> <!-- Twoplug regression test -->
