<?xml version="1.0" encoding="UTF-8"?>
<!-- Generated by org.testng.reporters.JUnitXMLReporter -->
<testsuite hostname="Home-PC" ignored="1" name="Default test" tests="2" failures="0" timestamp="15 Jul 2020 17:06:45 GMT" time="23.223" errors="0">
  <testcase name="Testaboutlink" time="1.216" classname="com.qaplug.testcases.TestLandingPage"/>
  <testcase name="checkLogo" time="0.188" classname="com.qaplug.testcases.TestLandingPage"/>
  <testcase name="TestloginButton" time="0.0" classname="com.qaplug.testcases.TestLandingPage">
    <ignored/>
  </testcase> <!-- TestloginButton -->
</testsuite> <!-- Default test -->
