<?xml version="1.0" encoding="UTF-8"?>
<!-- Generated by org.testng.reporters.JUnitXMLReporter -->
<testsuite hostname="Home-PC" ignored="0" name="Twoplug regression test" tests="3" failures="0" timestamp="09 Jul 2020 04:45:58 GMT" time="54.387" errors="0">
  <testcase name="addnewService" time="4.283" classname="com.qaplug.testcases.TestServicepage"/>
  <testcase name="addnewService" time="4.765" classname="com.qaplug.testcases.TestServicepage"/>
  <testcase name="addnewService" time="5.475" classname="com.qaplug.testcases.TestServicepage"/>
</testsuite> <!-- Twoplug regression test -->
