<?xml version="1.0" encoding="UTF-8"?>
<testng-results skipped="0" failed="0" ignored="0" total="3" passed="3">
  <reporter-output>
  </reporter-output>
  <suite name="testplug" duration-ms="41305" started-at="2020-07-16T16:14:25Z" finished-at="2020-07-16T16:15:06Z">
    <groups>
    </groups>
    <test name="Twoplug regression test" duration-ms="41305" started-at="2020-07-16T16:14:25Z" finished-at="2020-07-16T16:15:06Z">
      <class name="com.qaplug.testcases.TestLandingPage">
        <test-method status="PASS" signature="launch()[pri:0, instance:com.qaplug.testcases.TestLandingPage@14bf9759]" name="launch" is-config="true" duration-ms="16410" started-at="2020-07-16T16:14:25Z" finished-at="2020-07-16T16:14:42Z">
          <reporter-output>
          </reporter-output>
        </test-method> <!-- launch -->
        <test-method status="PASS" signature="Testaboutlink()[pri:0, instance:com.qaplug.testcases.TestLandingPage@14bf9759]" name="Testaboutlink" duration-ms="893" started-at="2020-07-16T16:14:42Z" finished-at="2020-07-16T16:14:42Z">
          <reporter-output>
          </reporter-output>
        </test-method> <!-- Testaboutlink -->
        <test-method status="PASS" signature="closeBrowser()[pri:0, instance:com.qaplug.testcases.TestLandingPage@14bf9759]" name="closeBrowser" is-config="true" duration-ms="589" started-at="2020-07-16T16:14:42Z" finished-at="2020-07-16T16:14:43Z">
          <reporter-output>
          </reporter-output>
        </test-method> <!-- closeBrowser -->
        <test-method status="PASS" signature="launch()[pri:0, instance:com.qaplug.testcases.TestLandingPage@14bf9759]" name="launch" is-config="true" duration-ms="7938" started-at="2020-07-16T16:14:43Z" finished-at="2020-07-16T16:14:51Z">
          <reporter-output>
          </reporter-output>
        </test-method> <!-- launch -->
        <test-method status="PASS" signature="checkLogo()[pri:1, instance:com.qaplug.testcases.TestLandingPage@14bf9759]" name="checkLogo" duration-ms="186" started-at="2020-07-16T16:14:51Z" finished-at="2020-07-16T16:14:51Z">
          <reporter-output>
          </reporter-output>
        </test-method> <!-- checkLogo -->
        <test-method status="PASS" signature="closeBrowser()[pri:0, instance:com.qaplug.testcases.TestLandingPage@14bf9759]" name="closeBrowser" is-config="true" duration-ms="4168" started-at="2020-07-16T16:14:51Z" finished-at="2020-07-16T16:14:55Z">
          <reporter-output>
          </reporter-output>
        </test-method> <!-- closeBrowser -->
        <test-method status="PASS" signature="launch()[pri:0, instance:com.qaplug.testcases.TestLandingPage@14bf9759]" name="launch" is-config="true" duration-ms="7424" started-at="2020-07-16T16:14:55Z" finished-at="2020-07-16T16:15:03Z">
          <reporter-output>
          </reporter-output>
        </test-method> <!-- launch -->
        <test-method status="PASS" signature="TestloginButton()[pri:2, instance:com.qaplug.testcases.TestLandingPage@14bf9759]" name="TestloginButton" duration-ms="3295" started-at="2020-07-16T16:15:03Z" finished-at="2020-07-16T16:15:06Z">
          <reporter-output>
          </reporter-output>
        </test-method> <!-- TestloginButton -->
        <test-method status="PASS" signature="closeBrowser()[pri:0, instance:com.qaplug.testcases.TestLandingPage@14bf9759]" name="closeBrowser" is-config="true" duration-ms="345" started-at="2020-07-16T16:15:06Z" finished-at="2020-07-16T16:15:06Z">
          <reporter-output>
          </reporter-output>
        </test-method> <!-- closeBrowser -->
      </class> <!-- com.qaplug.testcases.TestLandingPage -->
    </test> <!-- Twoplug regression test -->
  </suite> <!-- testplug -->
</testng-results>
